<?xml version="1.0" encoding="UTF-8"?>
<!-- Generated by org.testng.reporters.JUnitXMLReporter -->
<testsuite hostname="DG-D-L012" ignored="0" name="Anjani Test Maven" tests="12" failures="0" timestamp="31 Oct 2020 19:38:02 GMT" time="0.415" errors="0">
  <testcase name="div" time="0.098" classname="com.qa.tests.DemoTest"/>
  <testcase name="mul" time="0.004" classname="com.qa.tests.DemoTest"/>
  <testcase name="sub" time="0.012" classname="com.qa.tests.DemoTest"/>
  <testcase name="sum" time="0.083" classname="com.qa.tests.DemoTest"/>
  <testcase name="div" time="0.002" classname="com.qa.tests.DemoTest1"/>
  <testcase name="mul" time="0.003" classname="com.qa.tests.DemoTest1"/>
  <testcase name="sub" time="0.004" classname="com.qa.tests.DemoTest1"/>
  <testcase name="sum" time="0.007" classname="com.qa.tests.DemoTest1"/>
  <testcase name="div" time="0.002" classname="com.qa.tests.DemoTest2"/>
  <testcase name="mul" time="0.001" classname="com.qa.tests.DemoTest2"/>
  <testcase name="sub" time="0.005" classname="com.qa.tests.DemoTest2"/>
  <testcase name="sum" time="0.004" classname="com.qa.tests.DemoTest2"/>
</testsuite> <!-- Anjani Test Maven -->
