<?xml version="1.0" encoding="UTF-8"?>
<!-- Generated by org.testng.reporters.JUnitXMLReporter -->
<testsuite hostname="DG-D-L012" ignored="0" name="Default test" tests="4" failures="0" timestamp="31 Oct 2020 15:58:30 GMT" time="0.658" errors="0">
  <testcase name="div" time="0.132" classname="com.qa.tests.DemoTest"/>
  <testcase name="mul" time="0.03" classname="com.qa.tests.DemoTest"/>
  <testcase name="sub" time="0.014" classname="com.qa.tests.DemoTest"/>
  <testcase name="sum" time="0.022" classname="com.qa.tests.DemoTest"/>
</testsuite> <!-- Default test -->
